[2021-07-13T10:17:51.877] [ERROR] [Default] - Error: MongooseServerSelectionError: connect ECONNREFUSED 127.0.0.1:27017
    at NativeConnection.<anonymous> (/Users/douqiting/tinn/node/node-practice/models/index.js:18:18)
    at NativeConnection.emit (events.js:315:20)
    at /Users/douqiting/tinn/node/node-practice/node_modules/mongoose/lib/connection.js:856:30
    at processTicksAndRejections (internal/process/task_queues.js:75:11)
[2021-07-13T10:38:09.018] [INFO] [Default] - OPTIONS 204 /api/login 请求参数： {} 响应参数： undefined - ::1 - 3ms
[2021-07-13T10:38:19.061] [ERROR] [Default] - MongooseError: Operation `users.findOne()` buffering timed out after 10000ms
    at Timeout.<anonymous> (/Users/douqiting/tinn/node/node-practice/node_modules/mongoose/lib/drivers/node-mongodb-native/collection.js:197:23)
    at listOnTimeout (internal/timers.js:554:17)
    at processTimers (internal/timers.js:497:7)
[2021-07-13T10:38:19.063] [INFO] [Default] - POST 200 /api/login 请求参数： {"username":"dddd","password":"ddddd"} 响应参数： {"code":-1,"data":null,"msg":"Operation `users.findOne()` buffering timed out after 10000ms"} - ::1 - 10040ms
[2021-07-13T10:38:27.646] [INFO] [Default] - OPTIONS 204 /api/login 请求参数： {} 响应参数： undefined - ::1 - 0ms
[2021-07-13T10:38:37.655] [ERROR] [Default] - MongooseError: Operation `users.findOne()` buffering timed out after 10000ms
    at Timeout.<anonymous> (/Users/douqiting/tinn/node/node-practice/node_modules/mongoose/lib/drivers/node-mongodb-native/collection.js:197:23)
    at listOnTimeout (internal/timers.js:554:17)
    at processTimers (internal/timers.js:497:7)
[2021-07-13T10:38:37.657] [INFO] [Default] - POST 200 /api/login 请求参数： {"username":"dddd","password":"ddddd"} 响应参数： {"code":-1,"data":null,"msg":"Operation `users.findOne()` buffering timed out after 10000ms"} - ::1 - 10009ms
[2021-07-13T10:39:16.950] [INFO] [Default] - mongo is opened
[2021-07-13T10:39:29.304] [INFO] [Default] - OPTIONS 204 /api/login 请求参数： {} 响应参数： undefined - ::1 - 4ms
[2021-07-13T10:39:29.356] [INFO] [Default] - POST 200 /api/login 请求参数： {"username":"3232","password":"321321321"} 响应参数： {"code":1,"msg":"用户注册成功","data":{"username":"3232"}} - ::1 - 48ms
[2021-07-13T10:41:05.793] [INFO] [Default] - mongo is opened
[2021-07-13T10:41:24.020] [INFO] [Default] - OPTIONS 204 /api/login 请求参数： {} 响应参数： undefined - ::1 - 2ms
[2021-07-13T10:41:24.076] [INFO] [Default] - POST 200 /api/login 请求参数： {"username":"rerew","password":"rewrew"} 响应参数： {"code":1,"msg":"用户注册成功","data":{"username":"rerew"}} - ::1 - 52ms
[2021-07-13T13:48:57.906] [INFO] [Default] - mongo is opened
[2021-07-13T13:49:31.871] [INFO] [Default] - mongo is opened
[2021-07-13T13:59:16.152] [INFO] [Default] - OPTIONS 204 /api/login 请求参数： {} 响应参数： undefined - ::1 - 3ms
[2021-07-13T13:59:16.205] [ERROR] [Default] - ReferenceError: mongoose is not defined
    at /Users/douqiting/tinn/node/node-practice/services/user.js:20:28
    at new Promise (<anonymous>)
    at Object.register (/Users/douqiting/tinn/node/node-practice/services/user.js:19:16)
    at user.login (/Users/douqiting/tinn/node/node-practice/controllers/user.js:19:44)
    at processTicksAndRejections (internal/process/task_queues.js:93:5)
    at async cors (/Users/douqiting/tinn/node/node-practice/node_modules/koa2-cors/dist/index.js:91:9)
    at async /Users/douqiting/tinn/node/node-practice/node_modules/koa-static-cache/index.js:39:63
    at async bodyParser (/Users/douqiting/tinn/node/node-practice/node_modules/koa-bodyparser/index.js:95:5)
    at async loggerMiddleware (/Users/douqiting/tinn/node/node-practice/middlewares/logger.js:32:3)
[2021-07-13T13:59:16.206] [INFO] [Default] - POST 200 /api/login 请求参数： {"username":"douqiting","password":"nnbbcc"} 响应参数： {"code":-1,"data":null,"msg":"mongoose is not defined"} - ::1 - 50ms
[2021-07-13T14:01:00.608] [INFO] [Default] - mongo is opened
[2021-07-13T14:01:13.691] [INFO] [Default] - mongo is opened
[2021-07-13T14:03:31.815] [INFO] [Default] - OPTIONS 204 /api/login 请求参数： {} 响应参数： undefined - ::1 - 2ms
[2021-07-13T14:03:32.033] [ERROR] [Default] - undefined
[2021-07-13T14:05:47.438] [INFO] [Default] - mongo is opened
[2021-07-13T14:08:29.604] [INFO] [Default] - OPTIONS 204 /api/login 请求参数： {} 响应参数： undefined - ::1 - 3ms
[2021-07-13T14:08:29.681] [ERROR] [Default] - undefined
[2021-07-13T14:08:32.908] [ERROR] [Default] - undefined
[2021-07-13T14:09:01.351] [INFO] [Default] - mongo is opened
[2021-07-13T14:11:22.876] [INFO] [Default] - OPTIONS 204 /api/login 请求参数： {} 响应参数： undefined - ::1 - 3ms
[2021-07-13T14:11:22.943] [ERROR] [Default] - undefined
[2021-07-13T14:11:57.469] [INFO] [Default] - mongo is opened
[2021-07-13T14:17:55.608] [INFO] [Default] - mongo is opened
[2021-07-13T14:18:06.801] [INFO] [Default] - OPTIONS 204 /api/login 请求参数： {} 响应参数： undefined - ::1 - 5ms
[2021-07-13T14:18:06.841] [ERROR] [Default] - ReferenceError: id is not defined
    at /Users/douqiting/tinn/node/node-practice/services/user.js:23:81
    at new Promise (<anonymous>)
    at Object.register (/Users/douqiting/tinn/node/node-practice/services/user.js:19:16)
    at user.login (/Users/douqiting/tinn/node/node-practice/controllers/user.js:19:44)
    at processTicksAndRejections (internal/process/task_queues.js:93:5)
    at async cors (/Users/douqiting/tinn/node/node-practice/node_modules/koa2-cors/dist/index.js:91:9)
    at async /Users/douqiting/tinn/node/node-practice/node_modules/koa-static-cache/index.js:39:63
    at async bodyParser (/Users/douqiting/tinn/node/node-practice/node_modules/koa-bodyparser/index.js:95:5)
    at async loggerMiddleware (/Users/douqiting/tinn/node/node-practice/middlewares/logger.js:32:3)
[2021-07-13T14:18:06.842] [INFO] [Default] - POST 200 /api/login 请求参数： {"username":"douqiddddd","password":"sdsdsdsd"} 响应参数： {"code":-1,"data":null,"msg":"id is not defined"} - ::1 - 36ms
[2021-07-13T14:18:24.531] [INFO] [Default] - mongo is opened
[2021-07-13T14:18:37.707] [INFO] [Default] - OPTIONS 204 /api/login 请求参数： {} 响应参数： undefined - ::1 - 3ms
[2021-07-13T14:26:19.972] [INFO] [Default] - mongo is opened
[2021-07-13T14:27:01.271] [INFO] [Default] - mongo is opened
[2021-07-13T14:37:14.415] [INFO] [Default] - OPTIONS 204 /api/login 请求参数： {} 响应参数： undefined - ::1 - 2ms
[2021-07-13T14:37:17.505] [INFO] [Default] - POST 200 /api/login 请求参数： {"username":"dsdasaddd","password":"fdfd"} 响应参数： {"code":1,"msg":"用户注册成功","data":{"username":"dsdasaddd","id":"60ed349d9b1e7c34541d1006"}} - ::1 - 3085ms
[2021-07-13T14:37:38.746] [INFO] [Default] - OPTIONS 204 /api/login 请求参数： {} 响应参数： undefined - ::1 - 0ms
[2021-07-13T14:37:38.753] [INFO] [Default] - POST 200 /api/login 请求参数： {"username":"dsdasaddd","password":"fdfd"} 响应参数： {"code":200,"msg":"login success","data":{"username":"dsdasaddd"}} - ::1 - 5ms
[2021-07-13T14:39:31.598] [INFO] [Default] - mongo is opened
[2021-07-13T14:40:18.143] [INFO] [Default] - OPTIONS 204 /api/login 请求参数： {} 响应参数： undefined - ::1 - 3ms
[2021-07-13T14:40:18.196] [INFO] [Default] - POST 200 /api/login 请求参数： {"username":"ewqewq","password":"dsds"} 响应参数： {"code":1,"msg":"用户注册成功","data":{"username":"ewqewq","id":"60ed3552c7f8ad3493f5c7a9"}} - ::1 - 50ms
[2021-07-13T14:41:49.979] [INFO] [Default] - mongo is opened
[2021-07-13T14:42:26.777] [INFO] [Default] - mongo is opened
[2021-07-13T14:43:28.351] [INFO] [Default] - mongo is opened
[2021-07-13T14:44:08.266] [INFO] [Default] - OPTIONS 204 /api/login 请求参数： {} 响应参数： undefined - ::1 - 2ms
[2021-07-13T14:44:08.316] [INFO] [Default] - POST 200 /api/login 请求参数： {"username":"douqiting","password":"121212"} 响应参数： {"code":1,"msg":"用户注册成功","data":{"username":"douqiting","id":"60ed3638f1128b34e1bc5a8a"}} - ::1 - 46ms
[2021-07-13T14:46:32.232] [INFO] [Default] - mongo is opened
[2021-07-13T14:47:08.068] [INFO] [Default] - mongo is opened
[2021-07-13T14:48:23.309] [INFO] [Default] - mongo is opened
[2021-07-13T14:50:20.668] [INFO] [Default] - mongo is opened
[2021-07-13T14:50:44.939] [INFO] [Default] - mongo is opened
[2021-07-13T14:51:22.110] [INFO] [Default] - mongo is opened
[2021-07-13T14:52:32.028] [INFO] [Default] - mongo is opened
[2021-07-13T14:52:57.830] [INFO] [Default] - OPTIONS 204 /api/login 请求参数： {} 响应参数： undefined - ::1 - 2ms
[2021-07-13T14:52:57.876] [INFO] [Default] - POST 200 /api/login 请求参数： {"username":"dddd","password":"ssss"} 响应参数： {"code":1,"msg":"用户注册成功","data":{"username":"dddd","id":"60ed384959cf8b35b66f1a39"}} - ::1 - 42ms
[2021-07-13T14:53:07.053] [INFO] [Default] - OPTIONS 204 /api/login 请求参数： {} 响应参数： undefined - ::1 - 0ms
[2021-07-13T14:53:07.063] [INFO] [Default] - POST 200 /api/login 请求参数： {"username":"dsadsa","password":"dasdsa"} 响应参数： {"code":1,"msg":"用户注册成功","data":{"username":"dsadsa","id":"60ed385359cf8b35b66f1a3c"}} - ::1 - 7ms
[2021-07-13T14:54:25.818] [INFO] [Default] - mongo is opened
[2021-07-13T14:59:39.921] [INFO] [Default] - mongo is opened
[2021-07-13T15:00:38.686] [INFO] [Default] - OPTIONS 204 /api/login 请求参数： {} 响应参数： undefined - ::1 - 2ms
[2021-07-13T15:00:38.734] [INFO] [Default] - POST 200 /api/login 请求参数： {"username":"cccc","password":"dsadsa"} 响应参数： {"code":1,"msg":"用户注册成功","data":{"username":"cccc","id":"60ed3a16ca43bf36af069c3e"}} - ::1 - 45ms
[2021-07-13T15:09:32.225] [INFO] [Default] - mongo is opened
[2021-07-13T15:11:40.544] [INFO] [Default] - mongo is opened
[2021-07-13T15:11:55.349] [INFO] [Default] - mongo is opened
[2021-07-13T15:14:54.828] [INFO] [Default] - mongo is opened
[2021-07-13T15:15:13.925] [INFO] [Default] - mongo is opened
[2021-07-13T15:18:08.178] [INFO] [Default] - mongo is opened
[2021-07-13T15:18:59.366] [INFO] [Default] - mongo is opened
[2021-07-13T15:19:17.497] [INFO] [Default] - mongo is opened
[2021-07-13T15:19:25.214] [INFO] [Default] - mongo is opened
[2021-07-13T15:20:10.052] [INFO] [Default] - mongo is opened
[2021-07-13T15:20:33.256] [INFO] [Default] - mongo is opened
[2021-07-13T15:22:25.531] [INFO] [Default] - mongo is opened
[2021-07-13T15:22:48.932] [INFO] [Default] - mongo is opened
[2021-07-13T15:22:56.553] [INFO] [Default] - mongo is opened
[2021-07-13T15:23:03.266] [ERROR] [Default] - TypeError: InvalidQueryError is not a constructor
    at user.login (/Users/douqiting/tinn/node/node-practice/controllers/user.js:12:15)
    at dispatch (/Users/douqiting/tinn/node/node-practice/node_modules/koa-compose/index.js:42:32)
    at /Users/douqiting/tinn/node/node-practice/node_modules/koa-router/lib/router.js:372:16
    at dispatch (/Users/douqiting/tinn/node/node-practice/node_modules/koa-compose/index.js:42:32)
    at /Users/douqiting/tinn/node/node-practice/node_modules/koa-compose/index.js:34:12
    at dispatch (/Users/douqiting/tinn/node/node-practice/node_modules/koa-router/lib/router.js:377:31)
    at dispatch (/Users/douqiting/tinn/node/node-practice/node_modules/koa-compose/index.js:42:32)
    at processTicksAndRejections (internal/process/task_queues.js:93:5)
    at async cors (/Users/douqiting/tinn/node/node-practice/node_modules/koa2-cors/dist/index.js:91:9)
    at async /Users/douqiting/tinn/node/node-practice/node_modules/koa-static-cache/index.js:39:63
[2021-07-13T15:23:03.267] [INFO] [Default] - POST 200 /api/login 请求参数： {} 响应参数： {"code":-1,"data":null,"msg":"InvalidQueryError is not a constructor"} - ::1 - 4ms
[2021-07-13T15:23:15.389] [ERROR] [Default] - TypeError: InvalidQueryError is not a constructor
    at user.login (/Users/douqiting/tinn/node/node-practice/controllers/user.js:12:15)
    at dispatch (/Users/douqiting/tinn/node/node-practice/node_modules/koa-compose/index.js:42:32)
    at /Users/douqiting/tinn/node/node-practice/node_modules/koa-router/lib/router.js:372:16
    at dispatch (/Users/douqiting/tinn/node/node-practice/node_modules/koa-compose/index.js:42:32)
    at /Users/douqiting/tinn/node/node-practice/node_modules/koa-compose/index.js:34:12
    at dispatch (/Users/douqiting/tinn/node/node-practice/node_modules/koa-router/lib/router.js:377:31)
    at dispatch (/Users/douqiting/tinn/node/node-practice/node_modules/koa-compose/index.js:42:32)
    at processTicksAndRejections (internal/process/task_queues.js:93:5)
    at async cors (/Users/douqiting/tinn/node/node-practice/node_modules/koa2-cors/dist/index.js:91:9)
    at async /Users/douqiting/tinn/node/node-practice/node_modules/koa-static-cache/index.js:39:63
[2021-07-13T15:23:15.389] [INFO] [Default] - POST 200 /api/login 请求参数： {} 响应参数： {"code":-1,"data":null,"msg":"InvalidQueryError is not a constructor"} - ::1 - 1ms
[2021-07-13T15:23:56.766] [INFO] [Default] - mongo is opened
[2021-07-13T15:25:17.390] [INFO] [Default] - mongo is opened
[2021-07-13T15:25:30.846] [INFO] [Default] - POST 404 /api/logout 请求参数： {} 响应参数： undefined - ::1 - 3ms
[2021-07-13T15:25:45.191] [INFO] [Default] - POST 404 /api/logout 请求参数： {} 响应参数： undefined - ::1 - 2ms
[2021-07-13T15:26:43.484] [INFO] [Default] - mongo is opened
[2021-07-13T15:28:15.742] [INFO] [Default] - mongo is opened
[2021-07-13T15:30:28.455] [INFO] [Default] - mongo is opened
[2021-07-13T15:33:38.982] [INFO] [Default] - mongo is opened
[2021-07-13T15:34:05.934] [INFO] [Default] - mongo is opened
[2021-07-13T15:34:30.636] [INFO] [Default] - mongo is opened
[2021-07-13T15:36:18.160] [INFO] [Default] - mongo is opened
[2021-07-13T15:37:20.276] [INFO] [Default] - mongo is opened
[2021-07-13T15:37:41.071] [INFO] [Default] - mongo is opened
[2021-07-13T15:38:20.836] [INFO] [Default] - mongo is opened
[2021-07-13T15:38:37.350] [INFO] [Default] - mongo is opened
[2021-07-13T15:40:23.842] [INFO] [Default] - mongo is opened
[2021-07-13T15:41:03.673] [INFO] [Default] - mongo is opened
[2021-07-13T15:41:30.025] [INFO] [Default] - mongo is opened
[2021-07-13T15:41:34.905] [INFO] [Default] - OPTIONS 204 /api/private/logout 请求参数： {} 响应参数： undefined - ::1 - 2ms
[2021-07-13T15:42:35.857] [INFO] [Default] - mongo is opened
[2021-07-13T15:43:18.040] [INFO] [Default] - mongo is opened
[2021-07-13T15:43:42.171] [INFO] [Default] - OPTIONS 204 /api/login 请求参数： {} 响应参数： undefined - ::1 - 3ms
[2021-07-13T15:43:42.217] [INFO] [Default] - POST 200 /api/login 请求参数： {"username":"fdsfds","password":"fdsdsf"} 响应参数： {"code":1,"msg":"用户注册成功","data":{"username":"fdsfds","id":"60ed442e36d2f03a5f6ad565"}} - ::1 - 42ms
[2021-07-13T15:44:16.452] [INFO] [Default] - OPTIONS 204 /api/private/logout 请求参数： {} 响应参数： undefined - ::1 - 1ms
[2021-07-13T15:44:16.457] [INFO] [Default] - POST 404 /api/private/logout 请求参数： {} 响应参数： undefined - ::1 - 2ms
[2021-07-13T15:44:57.502] [INFO] [Default] - mongo is opened
[2021-07-13T15:45:02.898] [INFO] [Default] - OPTIONS 204 /api/private/logout 请求参数： {} 响应参数： undefined - ::1 - 2ms
[2021-07-13T15:45:02.904] [INFO] [Default] - POST 200 /api/private/logout 请求参数： {} 响应参数： {"code":401,"data":null,"msg":"no authorization"} - ::1 - 3ms
[2021-07-13T15:46:07.076] [INFO] [Default] - mongo is opened
[2021-07-13T15:46:11.119] [INFO] [Default] - OPTIONS 204 /api/private/logout 请求参数： {} 响应参数： undefined - ::1 - 2ms
[2021-07-13T15:46:11.127] [INFO] [Default] - POST 200 /api/private/logout 请求参数： {} 响应参数： {"code":401,"data":null,"msg":"no authorization"} - ::1 - 4ms
[2021-07-13T15:46:23.394] [INFO] [Default] - OPTIONS 204 /api/private/logout 请求参数： {} 响应参数： undefined - ::1 - 0ms
[2021-07-13T15:46:23.397] [INFO] [Default] - POST 200 /api/private/logout 请求参数： {} 响应参数： {"code":401,"data":null,"msg":"no authorization"} - ::1 - 1ms
[2021-07-13T15:48:05.332] [INFO] [Default] - mongo is opened
[2021-07-13T15:48:08.408] [INFO] [Default] - OPTIONS 204 /api/private/logout 请求参数： {} 响应参数： undefined - ::1 - 2ms
[2021-07-13T15:48:08.416] [INFO] [Default] - POST 200 /api/private/logout 请求参数： {} 响应参数： {"code":401,"data":null,"msg":"no authorization"} - ::1 - 5ms
[2021-07-13T15:49:48.392] [INFO] [Default] - mongo is opened
[2021-07-13T15:49:57.382] [INFO] [Default] - OPTIONS 204 /api/private/logout 请求参数： {} 响应参数： undefined - ::1 - 2ms
[2021-07-13T15:49:57.391] [INFO] [Default] - POST 200 /api/private/logout 请求参数： {} 响应参数： {"code":401,"data":null,"msg":"no authorization"} - ::1 - 6ms
[2021-07-13T15:50:50.078] [INFO] [Default] - mongo is opened
[2021-07-13T15:50:58.370] [INFO] [Default] - OPTIONS 204 /api/private/logout 请求参数： {} 响应参数： undefined - ::1 - 2ms
[2021-07-13T15:50:58.379] [INFO] [Default] - POST 200 /api/private/logout 请求参数： {} 响应参数： {"code":401,"data":null,"msg":"no authorization"} - ::1 - 6ms
[2021-07-13T15:52:02.051] [INFO] [Default] - mongo is opened
[2021-07-13T15:52:54.825] [INFO] [Default] - OPTIONS 204 /api/private/logout 请求参数： {} 响应参数： undefined - ::1 - 2ms
[2021-07-13T15:52:54.837] [INFO] [Default] - POST 200 /api/private/logout 请求参数： {} 响应参数： {"code":401,"data":null,"msg":"invalid token"} - ::1 - 9ms
[2021-07-13T16:01:16.060] [INFO] [Default] - mongo is opened
[2021-07-13T16:01:27.568] [INFO] [Default] - OPTIONS 204 /api/private/logout 请求参数： {} 响应参数： undefined - ::1 - 1ms
[2021-07-13T16:01:27.576] [INFO] [Default] - POST 200 /api/private/logout 请求参数： {} 响应参数： {"code":401,"data":null,"msg":"jwt malformed"} - ::1 - 5ms
[2021-07-13T16:03:06.209] [INFO] [Default] - mongo is opened
[2021-07-13T16:03:08.674] [INFO] [Default] - OPTIONS 204 /api/private/logout 请求参数： {} 响应参数： undefined - ::1 - 2ms
[2021-07-13T16:03:08.684] [INFO] [Default] - POST 200 /api/private/logout 请求参数： {} 响应参数： {"code":401,"data":null,"msg":"jwt malformed"} - ::1 - 6ms
[2021-07-13T16:19:35.599] [INFO] [Default] - mongo is opened
[2021-07-13T16:19:55.006] [INFO] [Default] - OPTIONS 204 /api/private/logout 请求参数： {} 响应参数： undefined - ::1 - 2ms
[2021-07-13T16:19:55.017] [INFO] [Default] - POST 404 /api/private/logout 请求参数： {} 响应参数： undefined - ::1 - 8ms
[2021-07-13T16:20:13.679] [INFO] [Default] - OPTIONS 204 /api/private/logout 请求参数： {} 响应参数： undefined - ::1 - 0ms
[2021-07-13T16:20:13.683] [INFO] [Default] - POST 404 /api/private/logout 请求参数： {} 响应参数： undefined - ::1 - 2ms
[2021-07-13T16:22:41.161] [INFO] [Default] - mongo is opened
[2021-07-13T16:22:50.509] [INFO] [Default] - OPTIONS 204 /api/private/logout 请求参数： {} 响应参数： undefined - ::1 - 1ms
[2021-07-13T16:22:50.517] [INFO] [Default] - POST 404 /api/private/logout 请求参数： {} 响应参数： undefined - ::1 - 5ms
[2021-07-13T16:24:19.235] [INFO] [Default] - mongo is opened
[2021-07-13T16:24:28.111] [INFO] [Default] - OPTIONS 204 /api/private/logout 请求参数： {} 响应参数： undefined - ::1 - 2ms
[2021-07-13T16:24:28.121] [INFO] [Default] - POST 404 /api/private/logout 请求参数： {} 响应参数： undefined - ::1 - 7ms
[2021-07-13T16:24:39.477] [INFO] [Default] - OPTIONS 204 /api/private/logout 请求参数： {} 响应参数： undefined - ::1 - 0ms
[2021-07-13T16:24:39.481] [INFO] [Default] - POST 404 /api/private/logout 请求参数： {} 响应参数： undefined - ::1 - 2ms
[2021-07-13T16:27:42.379] [INFO] [Default] - mongo is opened
[2021-07-13T16:28:14.159] [INFO] [Default] - OPTIONS 204 /api/private/logout 请求参数： {} 响应参数： undefined - ::1 - 2ms
[2021-07-13T16:28:14.168] [INFO] [Default] - POST 404 /api/private/logout 请求参数： {} 响应参数： undefined - ::1 - 6ms
[2021-07-13T16:31:20.283] [INFO] [Default] - mongo is opened
[2021-07-13T16:31:24.397] [INFO] [Default] - OPTIONS 204 /api/private/logout 请求参数： {} 响应参数： undefined - ::1 - 2ms
[2021-07-13T16:31:24.407] [INFO] [Default] - POST 200 /api/private/logout 请求参数： {} 响应参数： {"code":200,"msg":"退出成功","data":{"username":""}} - ::1 - 7ms
